<?xml version="1.0" encoding="UTF-8"?>
<groups xmlns="http://www.isdc.ro/wro">
    <group name="all">
        <css>/assets/less-imports/imports.less</css>
     </group>   
</groups>